<?xml version="1.0" encoding="UTF-8"?>
<!-- Generated by org.testng.reporters.JUnitXMLReporter -->
<testsuite ignored="0" hostname="Kavithas-MacBook-Air.local" failures="0" tests="3" name="Surefire test" time="26.035" errors="0" timestamp="2025-07-10T01:12:28 CEST">
  <testcase classname="com.testng.project.tests.Dataproviders1" name="LoginVerifyData" time="7.511"/>
  <testcase classname="com.testng.project.tests.Dataproviders1" name="LoginVerifyData" time="7.381"/>
  <testcase classname="com.testng.project.tests.Dataproviders1" name="LoginVerifyData" time="7.809"/>
</testsuite> <!-- Surefire test -->
