<?xml version="1.0" encoding="UTF-8"?>
<testng-results ignored="0" total="3" passed="3" failed="0" skipped="0">
  <reporter-output>
  </reporter-output>
  <suite started-at="2025-07-10T01:11:57 CEST" name="Surefire suite" finished-at="2025-07-10T01:12:23 CEST" duration-ms="26035">
    <groups>
    </groups>
    <test started-at="2025-07-10T01:11:57 CEST" name="Surefire test" finished-at="2025-07-10T01:12:23 CEST" duration-ms="26035">
      <class name="com.testng.project.tests.Dataproviders1">
        <test-method is-config="true" signature="setUp()[pri:0, instance:com.testng.project.tests.Dataproviders1@568bf312]" started-at="2025-07-10T01:11:57 CEST" name="setUp" finished-at="2025-07-10T01:12:00 CEST" duration-ms="3235" status="PASS">
          <reporter-output>
          </reporter-output>
        </test-method> <!-- setUp -->
        <test-method signature="LoginVerifyData(java.lang.String,java.lang.String)[pri:0, instance:com.testng.project.tests.Dataproviders1@568bf312]" started-at="2025-07-10T01:12:00 CEST" name="LoginVerifyData" data-provider="credentials" finished-at="2025-07-10T01:12:08 CEST" duration-ms="7511" status="PASS">
          <params>
            <param index="0">
              <value>
                <![CDATA[qatest97]]>
              </value>
            </param>
            <param index="1">
              <value>
                <![CDATA[qatest97]]>
              </value>
            </param>
          </params>
          <reporter-output>
          </reporter-output>
        </test-method> <!-- LoginVerifyData -->
        <test-method signature="LoginVerifyData(java.lang.String,java.lang.String)[pri:0, instance:com.testng.project.tests.Dataproviders1@568bf312]" started-at="2025-07-10T01:12:08 CEST" name="LoginVerifyData" data-provider="credentials" finished-at="2025-07-10T01:12:15 CEST" duration-ms="7381" status="PASS">
          <params>
            <param index="0">
              <value>
                <![CDATA[testuser1]]>
              </value>
            </param>
            <param index="1">
              <value>
                <![CDATA[password123]]>
              </value>
            </param>
          </params>
          <reporter-output>
          </reporter-output>
        </test-method> <!-- LoginVerifyData -->
        <test-method signature="LoginVerifyData(java.lang.String,java.lang.String)[pri:0, instance:com.testng.project.tests.Dataproviders1@568bf312]" started-at="2025-07-10T01:12:15 CEST" name="LoginVerifyData" data-provider="credentials" finished-at="2025-07-10T01:12:23 CEST" duration-ms="7809" status="PASS">
          <params>
            <param index="0">
              <value>
                <![CDATA[admin]]>
              </value>
            </param>
            <param index="1">
              <value>
                <![CDATA[admin123]]>
              </value>
            </param>
          </params>
          <reporter-output>
          </reporter-output>
        </test-method> <!-- LoginVerifyData -->
        <test-method is-config="true" signature="tearDown()[pri:0, instance:com.testng.project.tests.Dataproviders1@568bf312]" started-at="2025-07-10T01:12:23 CEST" name="tearDown" finished-at="2025-07-10T01:12:23 CEST" duration-ms="88" status="PASS">
          <reporter-output>
          </reporter-output>
        </test-method> <!-- tearDown -->
      </class> <!-- com.testng.project.tests.Dataproviders1 -->
    </test> <!-- Surefire test -->
  </suite> <!-- Surefire suite -->
</testng-results>
